Determining if the pthread_create exist failed with the following output:
Change Dir: /home/donamphuong/ImmersiveTeleoperation/build/CMakeFiles/CMakeTmp

Run Build Command:"/usr/bin/make" "cmTC_8fbce/fast"
/usr/bin/make -f CMakeFiles/cmTC_8fbce.dir/build.make CMakeFiles/cmTC_8fbce.dir/build
make[1]: Entering directory '/home/donamphuong/ImmersiveTeleoperation/build/CMakeFiles/CMakeTmp'
Building C object CMakeFiles/cmTC_8fbce.dir/CheckSymbolExists.c.o
/usr/bin/cc     -o CMakeFiles/cmTC_8fbce.dir/CheckSymbolExists.c.o   -c /home/donamphuong/ImmersiveTeleoperation/build/CMakeFiles/CMakeTmp/CheckSymbolExists.c
Linking C executable cmTC_8fbce
/usr/bin/cmake -E cmake_link_script CMakeFiles/cmTC_8fbce.dir/link.txt --verbose=1
/usr/bin/cc       CMakeFiles/cmTC_8fbce.dir/CheckSymbolExists.c.o  -o cmTC_8fbce -rdynamic 
CMakeFiles/cmTC_8fbce.dir/CheckSymbolExists.c.o: In function `main':
CheckSymbolExists.c:(.text+0x16): undefined reference to `pthread_create'
collect2: error: ld returned 1 exit status
CMakeFiles/cmTC_8fbce.dir/build.make:97: recipe for target 'cmTC_8fbce' failed
make[1]: *** [cmTC_8fbce] Error 1
make[1]: Leaving directory '/home/donamphuong/ImmersiveTeleoperation/build/CMakeFiles/CMakeTmp'
Makefile:126: recipe for target 'cmTC_8fbce/fast' failed
make: *** [cmTC_8fbce/fast] Error 2

File /home/donamphuong/ImmersiveTeleoperation/build/CMakeFiles/CMakeTmp/CheckSymbolExists.c:
/* */
#include <pthread.h>

int main(int argc, char** argv)
{
  (void)argv;
#ifndef pthread_create
  return ((int*)(&pthread_create))[argc];
#else
  (void)argc;
  return 0;
#endif
}

Determining if the function pthread_create exists in the pthreads failed with the following output:
Change Dir: /home/donamphuong/ImmersiveTeleoperation/build/CMakeFiles/CMakeTmp

Run Build Command:"/usr/bin/make" "cmTC_07c57/fast"
/usr/bin/make -f CMakeFiles/cmTC_07c57.dir/build.make CMakeFiles/cmTC_07c57.dir/build
make[1]: Entering directory '/home/donamphuong/ImmersiveTeleoperation/build/CMakeFiles/CMakeTmp'
Building C object CMakeFiles/cmTC_07c57.dir/CheckFunctionExists.c.o
/usr/bin/cc    -DCHECK_FUNCTION_EXISTS=pthread_create   -o CMakeFiles/cmTC_07c57.dir/CheckFunctionExists.c.o   -c /usr/share/cmake-3.5/Modules/CheckFunctionExists.c
Linking C executable cmTC_07c57
/usr/bin/cmake -E cmake_link_script CMakeFiles/cmTC_07c57.dir/link.txt --verbose=1
/usr/bin/cc   -DCHECK_FUNCTION_EXISTS=pthread_create    CMakeFiles/cmTC_07c57.dir/CheckFunctionExists.c.o  -o cmTC_07c57 -rdynamic -lpthreads 
/usr/bin/ld: cannot find -lpthreads
collect2: error: ld returned 1 exit status
CMakeFiles/cmTC_07c57.dir/build.make:97: recipe for target 'cmTC_07c57' failed
make[1]: *** [cmTC_07c57] Error 1
make[1]: Leaving directory '/home/donamphuong/ImmersiveTeleoperation/build/CMakeFiles/CMakeTmp'
Makefile:126: recipe for target 'cmTC_07c57/fast' failed
make: *** [cmTC_07c57/fast] Error 2


